<?xml version="1.0" encoding="UTF-8"?>
<!-- Generated by org.testng.reporters.JUnitReportReporter -->
<testsuite hostname="192.168.1.99" failures="0" tests="1" name="TestPack.HomeTest" time="24.392" errors="0" timestamp="2023-04-22T03:04:15 IST" skipped="0">
  <testcase classname="TestPack.HomeTest" name="testTextBox" time="24.392"/>
  <system-out/>
</testsuite> <!-- TestPack.HomeTest -->
